Traceback (most recent call last):
  File "/home/WUR/zhou111/miniconda3/envs/myenv/lib/python3.10/site-packages/xarray/core/dataset.py", line 1153, in _construct_dataarray
    variable = self._variables[name]
KeyError: 'HA'

During handling of the above exception, another exception occurred:

Traceback (most recent call last):
  File "/home/WUR/zhou111/miniconda3/envs/myenv/lib/python3.10/site-packages/xarray/core/dataset.py", line 1252, in __getitem__
    return self._construct_dataarray(key)
  File "/home/WUR/zhou111/miniconda3/envs/myenv/lib/python3.10/site-packages/xarray/core/dataset.py", line 1155, in _construct_dataarray
    _, name, variable = _get_virtual_variable(self._variables, name, self.sizes)
  File "/home/WUR/zhou111/miniconda3/envs/myenv/lib/python3.10/site-packages/xarray/core/dataset_utils.py", line 79, in _get_virtual_variable
    raise KeyError(key)
KeyError: 'HA'

The above exception was the direct cause of the following exception:

Traceback (most recent call last):
  File "/lustre/nobackup/WUR/ESG/zhou111/1_RQ1_Code/3_Results_Analysis/SimPeriod_Test/6_Plines_pool_fert.py", line 45, in <module>
    ha = mask["HA"].load()   # ha per pixel
  File "/home/WUR/zhou111/miniconda3/envs/myenv/lib/python3.10/site-packages/xarray/core/dataset.py", line 1265, in __getitem__
    raise KeyError(message) from e
KeyError: "No variable named 'HA'. Variables on the dataset include ['lon', 'lat', 'Al_Fe_ox', 'CN_ratio', 'slope', ..., 'PC_ratio', 'P_Olsen', 'TSUM1', 'TSUM2', 'Sow_date']"
