Traceback (most recent call last):
  File "/home/WUR/zhou111/miniconda3/envs/myenv/lib/python3.10/site-packages/xarray/backends/file_manager.py", line 211, in _acquire_with_cache_info
    file = self._cache[self._key]
  File "/home/WUR/zhou111/miniconda3/envs/myenv/lib/python3.10/site-packages/xarray/backends/lru_cache.py", line 56, in __getitem__
    value = self._cache[key]
KeyError: [<class 'netCDF4._netCDF4.Dataset'>, ('/lustre/nobackup/WUR/ESG/zhou111/3_RQ1_Model_Outputs/Test_CriticalNP/Method3/Global_crit_N_runoff_agri.nc',), 'r', (('clobber', True), ('diskless', False), ('format', 'NETCDF4'), ('persist', False)), '3d1a0859-fd7e-4dae-a37f-5ca95b4e3cee']

During handling of the above exception, another exception occurred:

Traceback (most recent call last):
  File "/lustre/nobackup/WUR/ESG/zhou111/1_RQ1_Code/3_Results_Analysis/Boundary/3_Compare_Method13.py", line 20, in <module>
    ds_M2 = xr.open_dataset(N_runoff_M2_file)
  File "/home/WUR/zhou111/miniconda3/envs/myenv/lib/python3.10/site-packages/xarray/backends/api.py", line 687, in open_dataset
    backend_ds = backend.open_dataset(
  File "/home/WUR/zhou111/miniconda3/envs/myenv/lib/python3.10/site-packages/xarray/backends/netCDF4_.py", line 666, in open_dataset
    store = NetCDF4DataStore.open(
  File "/home/WUR/zhou111/miniconda3/envs/myenv/lib/python3.10/site-packages/xarray/backends/netCDF4_.py", line 452, in open
    return cls(manager, group=group, mode=mode, lock=lock, autoclose=autoclose)
  File "/home/WUR/zhou111/miniconda3/envs/myenv/lib/python3.10/site-packages/xarray/backends/netCDF4_.py", line 393, in __init__
    self.format = self.ds.data_model
  File "/home/WUR/zhou111/miniconda3/envs/myenv/lib/python3.10/site-packages/xarray/backends/netCDF4_.py", line 461, in ds
    return self._acquire()
  File "/home/WUR/zhou111/miniconda3/envs/myenv/lib/python3.10/site-packages/xarray/backends/netCDF4_.py", line 455, in _acquire
    with self._manager.acquire_context(needs_lock) as root:
  File "/home/WUR/zhou111/miniconda3/envs/myenv/lib/python3.10/contextlib.py", line 135, in __enter__
    return next(self.gen)
  File "/home/WUR/zhou111/miniconda3/envs/myenv/lib/python3.10/site-packages/xarray/backends/file_manager.py", line 199, in acquire_context
    file, cached = self._acquire_with_cache_info(needs_lock)
  File "/home/WUR/zhou111/miniconda3/envs/myenv/lib/python3.10/site-packages/xarray/backends/file_manager.py", line 217, in _acquire_with_cache_info
    file = self._opener(*self._args, **kwargs)
  File "src/netCDF4/_netCDF4.pyx", line 2521, in netCDF4._netCDF4.Dataset.__init__
  File "src/netCDF4/_netCDF4.pyx", line 2158, in netCDF4._netCDF4._ensure_nc_success
FileNotFoundError: [Errno 2] No such file or directory: '/lustre/nobackup/WUR/ESG/zhou111/3_RQ1_Model_Outputs/Test_CriticalNP/Method3/Global_crit_N_runoff_agri.nc'
