Traceback (most recent call last):
  File "/home/WUR/zhou111/miniconda3/envs/myenv/lib/python3.10/site-packages/xarray/core/dataset.py", line 1153, in _construct_dataarray
    variable = self._variables[name]
KeyError: ' All_Crop_harvest_Area'

During handling of the above exception, another exception occurred:

Traceback (most recent call last):
  File "/home/WUR/zhou111/miniconda3/envs/myenv/lib/python3.10/site-packages/xarray/core/dataset.py", line 1252, in __getitem__
    return self._construct_dataarray(key)
  File "/home/WUR/zhou111/miniconda3/envs/myenv/lib/python3.10/site-packages/xarray/core/dataset.py", line 1155, in _construct_dataarray
    _, name, variable = _get_virtual_variable(self._variables, name, self.sizes)
  File "/home/WUR/zhou111/miniconda3/envs/myenv/lib/python3.10/site-packages/xarray/core/dataset_utils.py", line 79, in _get_virtual_variable
    raise KeyError(key)
KeyError: ' All_Crop_harvest_Area'

The above exception was the direct cause of the following exception:

Traceback (most recent call last):
  File "/lustre/nobackup/WUR/ESG/zhou111/1_RQ1_Code/3_Results_Analysis/Boundary/Test_Method1_4.py", line 20, in <module>
    total_HA = ds_HA[" All_Crop_harvest_Area"]
  File "/home/WUR/zhou111/miniconda3/envs/myenv/lib/python3.10/site-packages/xarray/core/dataset.py", line 1265, in __getitem__
    raise KeyError(message) from e
KeyError: "No variable named ' All_Crop_harvest_Area'. Did you mean one of ('All_Crop_harvest_Area', 'Main_Crop_harvest_Area', 'WHEA_Harvest_Area', 'RICE_Harvest_Area', 'MAIZ_Harvest_Area', 'SOYB_Harvest_Area')?"
